<?xml version="1.0" encoding="UTF-8"?>
<testsuite xmlns:xsi="http://www.w3.org/2001/XMLSchema-instance" xsi:noNamespaceSchemaLocation="https://maven.apache.org/surefire/maven-surefire-plugin/xsd/surefire-test-report-3.0.xsd" version="3.0" name="com.qa.ims.persistence.domain.CustomerTest" time="0.006" tests="30" errors="0" skipped="0" failures="0">
  <properties>
[...]
</properties>
  <testcase name="nullEmailOnBoth" classname="com.qa.ims.persistence.domain.CustomerTest" time="0"/>
  <testcase name="constructor2WithoutId" classname="com.qa.ims.persistence.domain.CustomerTest" time="0"/>
  <testcase name="checkEqualityBetweenDifferentObjectsNullName" classname="com.qa.ims.persistence.domain.CustomerTest" time="0"/>
  <testcase name="constructor1WithoutId" classname="com.qa.ims.persistence.domain.CustomerTest" time="0"/>
  <testcase name="customerNamesNotEqual" classname="com.qa.ims.persistence.domain.CustomerTest" time="0"/>
  <testcase name="checkEqualityBetweenDifferentObjects" classname="com.qa.ims.persistence.domain.CustomerTest" time="0"/>
  <testcase name="otherAddressDifferent" classname="com.qa.ims.persistence.domain.CustomerTest" time="0"/>
  <testcase name="checkEquality" classname="com.qa.ims.persistence.domain.CustomerTest" time="0"/>
  <testcase name="nullId" classname="com.qa.ims.persistence.domain.CustomerTest" time="0"/>
  <testcase name="customerNameNullButOtherNameNotNull" classname="com.qa.ims.persistence.domain.CustomerTest" time="0"/>
  <testcase name="equalsWithNull" classname="com.qa.ims.persistence.domain.CustomerTest" time="0"/>
  <testcase name="nullIdOnBoth" classname="com.qa.ims.persistence.domain.CustomerTest" time="0"/>
  <testcase name="nullSurnameOnBoth" classname="com.qa.ims.persistence.domain.CustomerTest" time="0"/>
  <testcase name="nullAddressOnBoth" classname="com.qa.ims.persistence.domain.CustomerTest" time="0"/>
  <testcase name="nullSurname" classname="com.qa.ims.persistence.domain.CustomerTest" time="0"/>
  <testcase name="nullPasswordOnBoth" classname="com.qa.ims.persistence.domain.CustomerTest" time="0"/>
  <testcase name="otherPasswordDifferent" classname="com.qa.ims.persistence.domain.CustomerTest" time="0"/>
  <testcase name="nullAddress" classname="com.qa.ims.persistence.domain.CustomerTest" time="0"/>
  <testcase name="equalsWithDifferentObject" classname="com.qa.ims.persistence.domain.CustomerTest" time="0"/>
  <testcase name="otherSurnameDifferent" classname="com.qa.ims.persistence.domain.CustomerTest" time="0"/>
  <testcase name="settersTest" classname="com.qa.ims.persistence.domain.CustomerTest" time="0"/>
  <testcase name="createCustomerWithId" classname="com.qa.ims.persistence.domain.CustomerTest" time="0"/>
  <testcase name="nullEmail" classname="com.qa.ims.persistence.domain.CustomerTest" time="0"/>
  <testcase name="nullPassword" classname="com.qa.ims.persistence.domain.CustomerTest" time="0"/>
  <testcase name="otherEmailDifferent" classname="com.qa.ims.persistence.domain.CustomerTest" time="0"/>
  <testcase name="constructor3WithId" classname="com.qa.ims.persistence.domain.CustomerTest" time="0"/>
  <testcase name="hashCodeTest" classname="com.qa.ims.persistence.domain.CustomerTest" time="0"/>
  <testcase name="hashCodeTestWithNull" classname="com.qa.ims.persistence.domain.CustomerTest" time="0"/>
  <testcase name="toStringTest1" classname="com.qa.ims.persistence.domain.CustomerTest" time="0"/>
  <testcase name="otherIdDifferent" classname="com.qa.ims.persistence.domain.CustomerTest" time="0"/>
</testsuite>